components/ImageEditor.tsx(54,40): error TS2559: Type '(img: any) => void' has no properties in common with type 'LoadImageOptions'.
components/ImageEditor.tsx(54,41): error TS7006: Parameter 'img' implicitly has an 'any' type.
components/ImageEditor.tsx(77,31): error TS2551: Property 'setBackgroundImage' does not exist on type 'Canvas'. Did you mean 'backgroundImage'?
components/ImageEditor.tsx(111,46): error TS2724: '"C:/Users/pc/Desktop/anitigravity/AutoManual/node_modules/fabric/dist/index"' has no exported member named 'IEvent'. Did you mean 'TEvent'?
InlineCanvas.tsx(6,26): error TS2307: Cannot find module './EditorTypes' or its corresponding type declarations.
InlineCanvas.tsx(123,44): error TS2554: Expected 0 arguments, but got 1.
InlineCanvas.tsx(257,50): error TS2554: Expected 0 arguments, but got 1.
InlineCanvas.tsx(394,38): error TS2554: Expected 0 arguments, but got 1.
InlineCanvas.tsx(489,63): error TS2554: Expected 0 arguments, but got 1.
